<?xml version="1.0" encoding="UTF-8" ?>
<testsuite errors="0" failures="0" hostname="Dora" name="gusano.EscalandoServiceSpec" tests="2" time="1.956" timestamp="2017-05-05T20:14:46">
  <properties />
  <testcase classname="gusano.EscalandoServiceSpec" name="gusano escalando espera tardar 17" time="1.856" />
  <testcase classname="gusano.EscalandoServiceSpec" name="gusano escalando espera tardar 19" time="0.039" />
  <system-out><![CDATA[--Output from gusano escalando espera tardar 17--
--Output from gusano escalando espera tardar 19--
]]></system-out>
  <system-err><![CDATA[--Output from gusano escalando espera tardar 17--
--Output from gusano escalando espera tardar 19--
]]></system-err>
</testsuite>
